23-Mar-2021 00:07:11.391 정보 [main] org.apache.catalina.startup.VersionLoggerListener.log 서버 버전 이름:    Apache Tomcat/9.0.44
23-Mar-2021 00:07:11.394 정보 [main] org.apache.catalina.startup.VersionLoggerListener.log Server 빌드 시각:  Mar 4 2021 21:49:34 UTC
23-Mar-2021 00:07:11.395 정보 [main] org.apache.catalina.startup.VersionLoggerListener.log Server 버전 번호:  9.0.44.0
23-Mar-2021 00:07:11.395 정보 [main] org.apache.catalina.startup.VersionLoggerListener.log 운영체제 이름:     Windows 10
23-Mar-2021 00:07:11.395 정보 [main] org.apache.catalina.startup.VersionLoggerListener.log 운영체제 버전:     10.0
23-Mar-2021 00:07:11.395 정보 [main] org.apache.catalina.startup.VersionLoggerListener.log 아키텍처:          amd64
23-Mar-2021 00:07:11.395 정보 [main] org.apache.catalina.startup.VersionLoggerListener.log 자바 홈:           C:\Program Files\Java\jdk1.8.0_231\jre
23-Mar-2021 00:07:11.396 정보 [main] org.apache.catalina.startup.VersionLoggerListener.log JVM 버전:          1.8.0_231-b11
23-Mar-2021 00:07:11.396 정보 [main] org.apache.catalina.startup.VersionLoggerListener.log JVM 벤더:          Oracle Corporation
23-Mar-2021 00:07:11.396 정보 [main] org.apache.catalina.startup.VersionLoggerListener.log CATALINA_BASE:     C:\Users\kimd0\Desktop\web\apache-tomcat-9.0.44
23-Mar-2021 00:07:11.396 정보 [main] org.apache.catalina.startup.VersionLoggerListener.log CATALINA_HOME:     C:\Users\kimd0\Desktop\web\apache-tomcat-9.0.44
23-Mar-2021 00:07:11.396 정보 [main] org.apache.catalina.startup.VersionLoggerListener.log 명령 행 아규먼트:  -Djava.util.logging.config.file=C:\Users\kimd0\Desktop\web\apache-tomcat-9.0.44\conf\logging.properties
23-Mar-2021 00:07:11.396 정보 [main] org.apache.catalina.startup.VersionLoggerListener.log 명령 행 아규먼트:  -Djava.util.logging.manager=org.apache.juli.ClassLoaderLogManager
23-Mar-2021 00:07:11.397 정보 [main] org.apache.catalina.startup.VersionLoggerListener.log 명령 행 아규먼트:  -Djdk.tls.ephemeralDHKeySize=2048
23-Mar-2021 00:07:11.397 정보 [main] org.apache.catalina.startup.VersionLoggerListener.log 명령 행 아규먼트:  -Djava.protocol.handler.pkgs=org.apache.catalina.webresources
23-Mar-2021 00:07:11.400 정보 [main] org.apache.catalina.startup.VersionLoggerListener.log 명령 행 아규먼트:  -Dignore.endorsed.dirs=
23-Mar-2021 00:07:11.400 정보 [main] org.apache.catalina.startup.VersionLoggerListener.log 명령 행 아규먼트:  -Dcatalina.base=C:\Users\kimd0\Desktop\web\apache-tomcat-9.0.44
23-Mar-2021 00:07:11.400 정보 [main] org.apache.catalina.startup.VersionLoggerListener.log 명령 행 아규먼트:  -Dcatalina.home=C:\Users\kimd0\Desktop\web\apache-tomcat-9.0.44
23-Mar-2021 00:07:11.401 정보 [main] org.apache.catalina.startup.VersionLoggerListener.log 명령 행 아규먼트:  -Djava.io.tmpdir=C:\Users\kimd0\Desktop\web\apache-tomcat-9.0.44\temp
23-Mar-2021 00:07:11.403 정보 [main] org.apache.catalina.core.AprLifecycleListener.lifecycleEvent APR 버전 [1.7.0]을(를) 사용한, APR 기반 Apache Tomcat Native 라이브러리 [1.2.26]을(를) 로드했습니다.
23-Mar-2021 00:07:11.404 정보 [main] org.apache.catalina.core.AprLifecycleListener.lifecycleEvent APR 용량정보들: IPv6 [true], sendfile [true], accept filters [false], random [true].
23-Mar-2021 00:07:11.405 정보 [main] org.apache.catalina.core.AprLifecycleListener.lifecycleEvent APR/OpenSSL 설정: useAprConnector [false], useOpenSSL [true]
23-Mar-2021 00:07:11.410 정보 [main] org.apache.catalina.core.AprLifecycleListener.initializeSSL OpenSSL이 성공적으로 초기화되었습니다: [OpenSSL 1.1.1i  8 Dec 2020]
23-Mar-2021 00:07:11.622 정보 [main] org.apache.coyote.AbstractProtocol.init 프로토콜 핸들러 ["http-nio-8080"]을(를) 초기화합니다.
23-Mar-2021 00:07:11.784 심각 [main] org.apache.catalina.util.LifecycleBase.handleSubClassException 구성요소 [Connector[HTTP/1.1-8080]]을(를) 초기화하지 못했습니다.
	org.apache.catalina.LifecycleException: 프로토콜 핸들러 초기화가 실패했습니다.
		at org.apache.catalina.connector.Connector.initInternal(Connector.java:1049)
		at org.apache.catalina.util.LifecycleBase.init(LifecycleBase.java:136)
		at org.apache.catalina.core.StandardService.initInternal(StandardService.java:558)
		at org.apache.catalina.util.LifecycleBase.init(LifecycleBase.java:136)
		at org.apache.catalina.core.StandardServer.initInternal(StandardServer.java:1045)
		at org.apache.catalina.util.LifecycleBase.init(LifecycleBase.java:136)
		at org.apache.catalina.startup.Catalina.load(Catalina.java:724)
		at org.apache.catalina.startup.Catalina.load(Catalina.java:746)
		at sun.reflect.NativeMethodAccessorImpl.invoke0(Native Method)
		at sun.reflect.NativeMethodAccessorImpl.invoke(NativeMethodAccessorImpl.java:62)
		at sun.reflect.DelegatingMethodAccessorImpl.invoke(DelegatingMethodAccessorImpl.java:43)
		at java.lang.reflect.Method.invoke(Method.java:498)
		at org.apache.catalina.startup.Bootstrap.load(Bootstrap.java:302)
		at org.apache.catalina.startup.Bootstrap.main(Bootstrap.java:472)
	Caused by: java.net.BindException: Address already in use: bind
		at sun.nio.ch.Net.bind0(Native Method)
		at sun.nio.ch.Net.bind(Net.java:433)
		at sun.nio.ch.Net.bind(Net.java:425)
		at sun.nio.ch.ServerSocketChannelImpl.bind(ServerSocketChannelImpl.java:223)
		at org.apache.tomcat.util.net.NioEndpoint.initServerSocket(NioEndpoint.java:300)
		at org.apache.tomcat.util.net.NioEndpoint.bind(NioEndpoint.java:253)
		at org.apache.tomcat.util.net.AbstractEndpoint.bindWithCleanup(AbstractEndpoint.java:1204)
		at org.apache.tomcat.util.net.AbstractEndpoint.init(AbstractEndpoint.java:1217)
		at org.apache.coyote.AbstractProtocol.init(AbstractProtocol.java:603)
		at org.apache.coyote.http11.AbstractHttp11Protocol.init(AbstractHttp11Protocol.java:80)
		at org.apache.catalina.connector.Connector.initInternal(Connector.java:1046)
		... 13 more
23-Mar-2021 00:07:11.785 정보 [main] org.apache.catalina.startup.Catalina.load [529] 밀리초 내에 서버가 초기화되었습니다.
23-Mar-2021 00:07:11.803 정보 [main] org.apache.catalina.core.StandardService.startInternal 서비스 [Catalina]을(를) 시작합니다.
23-Mar-2021 00:07:11.804 정보 [main] org.apache.catalina.core.StandardEngine.startInternal 서버 엔진을 시작합니다: [Apache Tomcat/9.0.44]
23-Mar-2021 00:07:11.811 정보 [main] org.apache.catalina.startup.HostConfig.deployDirectory 웹 애플리케이션 디렉토리 [C:\Users\kimd0\Desktop\web\apache-tomcat-9.0.44\webapps\docs]을(를) 배치합니다.
23-Mar-2021 00:07:11.987 정보 [main] org.apache.catalina.startup.HostConfig.deployDirectory 웹 애플리케이션 디렉토리 [C:\Users\kimd0\Desktop\web\apache-tomcat-9.0.44\webapps\docs]에 대한 배치가 [175] 밀리초에 완료되었습니다.
23-Mar-2021 00:07:11.988 정보 [main] org.apache.catalina.startup.HostConfig.deployDirectory 웹 애플리케이션 디렉토리 [C:\Users\kimd0\Desktop\web\apache-tomcat-9.0.44\webapps\examples]을(를) 배치합니다.
23-Mar-2021 00:07:12.236 정보 [main] org.apache.catalina.startup.HostConfig.deployDirectory 웹 애플리케이션 디렉토리 [C:\Users\kimd0\Desktop\web\apache-tomcat-9.0.44\webapps\examples]에 대한 배치가 [247] 밀리초에 완료되었습니다.
23-Mar-2021 00:07:12.238 정보 [main] org.apache.catalina.startup.HostConfig.deployDirectory 웹 애플리케이션 디렉토리 [C:\Users\kimd0\Desktop\web\apache-tomcat-9.0.44\webapps\host-manager]을(를) 배치합니다.
23-Mar-2021 00:07:12.262 정보 [main] org.apache.catalina.startup.HostConfig.deployDirectory 웹 애플리케이션 디렉토리 [C:\Users\kimd0\Desktop\web\apache-tomcat-9.0.44\webapps\host-manager]에 대한 배치가 [24] 밀리초에 완료되었습니다.
23-Mar-2021 00:07:12.263 정보 [main] org.apache.catalina.startup.HostConfig.deployDirectory 웹 애플리케이션 디렉토리 [C:\Users\kimd0\Desktop\web\apache-tomcat-9.0.44\webapps\manager]을(를) 배치합니다.
23-Mar-2021 00:07:12.284 정보 [main] org.apache.catalina.startup.HostConfig.deployDirectory 웹 애플리케이션 디렉토리 [C:\Users\kimd0\Desktop\web\apache-tomcat-9.0.44\webapps\manager]에 대한 배치가 [21] 밀리초에 완료되었습니다.
23-Mar-2021 00:07:12.287 정보 [main] org.apache.catalina.startup.HostConfig.deployDirectory 웹 애플리케이션 디렉토리 [C:\Users\kimd0\Desktop\web\apache-tomcat-9.0.44\webapps\ROOT]을(를) 배치합니다.
23-Mar-2021 00:07:12.305 정보 [main] org.apache.catalina.startup.HostConfig.deployDirectory 웹 애플리케이션 디렉토리 [C:\Users\kimd0\Desktop\web\apache-tomcat-9.0.44\webapps\ROOT]에 대한 배치가 [18] 밀리초에 완료되었습니다.
23-Mar-2021 00:07:12.309 정보 [main] org.apache.catalina.startup.Catalina.start 서버가 [522] 밀리초 내에 시작되었습니다.
23-Mar-2021 00:07:15.578 정보 [main] org.apache.catalina.core.StandardServer.await 셧다운 포트를 통해 유효한 셧다운 명령을 받았습니다. 서버 인스턴스를 중지시킵니다.
23-Mar-2021 00:07:15.580 정보 [main] org.apache.coyote.AbstractProtocol.pause 프로토콜 핸들러 ["http-nio-8080"]을(를) 일시 정지 중
23-Mar-2021 00:07:15.580 정보 [main] org.apache.catalina.core.StandardService.stopInternal 서비스 [Catalina]을(를) 중지시킵니다.
23-Mar-2021 00:07:15.591 정보 [main] org.apache.coyote.AbstractProtocol.stop 프로토콜 핸들러 ["http-nio-8080"]을(를) 중지시킵니다.
23-Mar-2021 00:07:15.592 정보 [main] org.apache.coyote.AbstractProtocol.destroy 프로토콜 핸들러 ["http-nio-8080"]을(를) 소멸시킵니다.
23-Mar-2021 00:14:11.976 정보 [main] org.apache.catalina.startup.VersionLoggerListener.log 서버 버전 이름:    Apache Tomcat/9.0.44
23-Mar-2021 00:14:11.979 정보 [main] org.apache.catalina.startup.VersionLoggerListener.log Server 빌드 시각:  Mar 4 2021 21:49:34 UTC
23-Mar-2021 00:14:11.979 정보 [main] org.apache.catalina.startup.VersionLoggerListener.log Server 버전 번호:  9.0.44.0
23-Mar-2021 00:14:11.980 정보 [main] org.apache.catalina.startup.VersionLoggerListener.log 운영체제 이름:     Windows 10
23-Mar-2021 00:14:11.980 정보 [main] org.apache.catalina.startup.VersionLoggerListener.log 운영체제 버전:     10.0
23-Mar-2021 00:14:11.980 정보 [main] org.apache.catalina.startup.VersionLoggerListener.log 아키텍처:          amd64
23-Mar-2021 00:14:11.980 정보 [main] org.apache.catalina.startup.VersionLoggerListener.log 자바 홈:           C:\Program Files\Java\jdk1.8.0_231\jre
23-Mar-2021 00:14:11.980 정보 [main] org.apache.catalina.startup.VersionLoggerListener.log JVM 버전:          1.8.0_231-b11
23-Mar-2021 00:14:11.980 정보 [main] org.apache.catalina.startup.VersionLoggerListener.log JVM 벤더:          Oracle Corporation
23-Mar-2021 00:14:11.980 정보 [main] org.apache.catalina.startup.VersionLoggerListener.log CATALINA_BASE:     C:\Users\kimd0\Desktop\web\apache-tomcat-9.0.44
23-Mar-2021 00:14:11.980 정보 [main] org.apache.catalina.startup.VersionLoggerListener.log CATALINA_HOME:     C:\Users\kimd0\Desktop\web\apache-tomcat-9.0.44
23-Mar-2021 00:14:11.982 정보 [main] org.apache.catalina.startup.VersionLoggerListener.log 명령 행 아규먼트:  -Djava.util.logging.config.file=C:\Users\kimd0\Desktop\web\apache-tomcat-9.0.44\conf\logging.properties
23-Mar-2021 00:14:11.982 정보 [main] org.apache.catalina.startup.VersionLoggerListener.log 명령 행 아규먼트:  -Djava.util.logging.manager=org.apache.juli.ClassLoaderLogManager
23-Mar-2021 00:14:11.983 정보 [main] org.apache.catalina.startup.VersionLoggerListener.log 명령 행 아규먼트:  -Djdk.tls.ephemeralDHKeySize=2048
23-Mar-2021 00:14:11.984 정보 [main] org.apache.catalina.startup.VersionLoggerListener.log 명령 행 아규먼트:  -Djava.protocol.handler.pkgs=org.apache.catalina.webresources
23-Mar-2021 00:14:11.986 정보 [main] org.apache.catalina.startup.VersionLoggerListener.log 명령 행 아규먼트:  -Dignore.endorsed.dirs=
23-Mar-2021 00:14:11.987 정보 [main] org.apache.catalina.startup.VersionLoggerListener.log 명령 행 아규먼트:  -Dcatalina.base=C:\Users\kimd0\Desktop\web\apache-tomcat-9.0.44
23-Mar-2021 00:14:11.987 정보 [main] org.apache.catalina.startup.VersionLoggerListener.log 명령 행 아규먼트:  -Dcatalina.home=C:\Users\kimd0\Desktop\web\apache-tomcat-9.0.44
23-Mar-2021 00:14:11.988 정보 [main] org.apache.catalina.startup.VersionLoggerListener.log 명령 행 아규먼트:  -Djava.io.tmpdir=C:\Users\kimd0\Desktop\web\apache-tomcat-9.0.44\temp
23-Mar-2021 00:14:11.991 정보 [main] org.apache.catalina.core.AprLifecycleListener.lifecycleEvent APR 버전 [1.7.0]을(를) 사용한, APR 기반 Apache Tomcat Native 라이브러리 [1.2.26]을(를) 로드했습니다.
23-Mar-2021 00:14:11.991 정보 [main] org.apache.catalina.core.AprLifecycleListener.lifecycleEvent APR 용량정보들: IPv6 [true], sendfile [true], accept filters [false], random [true].
23-Mar-2021 00:14:11.992 정보 [main] org.apache.catalina.core.AprLifecycleListener.lifecycleEvent APR/OpenSSL 설정: useAprConnector [false], useOpenSSL [true]
23-Mar-2021 00:14:11.996 정보 [main] org.apache.catalina.core.AprLifecycleListener.initializeSSL OpenSSL이 성공적으로 초기화되었습니다: [OpenSSL 1.1.1i  8 Dec 2020]
23-Mar-2021 00:14:12.186 정보 [main] org.apache.coyote.AbstractProtocol.init 프로토콜 핸들러 ["http-nio-8084"]을(를) 초기화합니다.
23-Mar-2021 00:14:12.361 정보 [main] org.apache.catalina.startup.Catalina.load [508] 밀리초 내에 서버가 초기화되었습니다.
23-Mar-2021 00:14:12.380 정보 [main] org.apache.catalina.core.StandardService.startInternal 서비스 [Catalina]을(를) 시작합니다.
23-Mar-2021 00:14:12.381 정보 [main] org.apache.catalina.core.StandardEngine.startInternal 서버 엔진을 시작합니다: [Apache Tomcat/9.0.44]
23-Mar-2021 00:14:12.387 정보 [main] org.apache.catalina.startup.HostConfig.deployDirectory 웹 애플리케이션 디렉토리 [C:\Users\kimd0\Desktop\web\apache-tomcat-9.0.44\webapps\docs]을(를) 배치합니다.
23-Mar-2021 00:14:12.551 정보 [main] org.apache.catalina.startup.HostConfig.deployDirectory 웹 애플리케이션 디렉토리 [C:\Users\kimd0\Desktop\web\apache-tomcat-9.0.44\webapps\docs]에 대한 배치가 [163] 밀리초에 완료되었습니다.
23-Mar-2021 00:14:12.555 정보 [main] org.apache.catalina.startup.HostConfig.deployDirectory 웹 애플리케이션 디렉토리 [C:\Users\kimd0\Desktop\web\apache-tomcat-9.0.44\webapps\examples]을(를) 배치합니다.
23-Mar-2021 00:14:12.795 정보 [main] org.apache.catalina.startup.HostConfig.deployDirectory 웹 애플리케이션 디렉토리 [C:\Users\kimd0\Desktop\web\apache-tomcat-9.0.44\webapps\examples]에 대한 배치가 [240] 밀리초에 완료되었습니다.
23-Mar-2021 00:14:12.797 정보 [main] org.apache.catalina.startup.HostConfig.deployDirectory 웹 애플리케이션 디렉토리 [C:\Users\kimd0\Desktop\web\apache-tomcat-9.0.44\webapps\host-manager]을(를) 배치합니다.
23-Mar-2021 00:14:12.819 정보 [main] org.apache.catalina.startup.HostConfig.deployDirectory 웹 애플리케이션 디렉토리 [C:\Users\kimd0\Desktop\web\apache-tomcat-9.0.44\webapps\host-manager]에 대한 배치가 [22] 밀리초에 완료되었습니다.
23-Mar-2021 00:14:12.820 정보 [main] org.apache.catalina.startup.HostConfig.deployDirectory 웹 애플리케이션 디렉토리 [C:\Users\kimd0\Desktop\web\apache-tomcat-9.0.44\webapps\manager]을(를) 배치합니다.
23-Mar-2021 00:14:12.838 정보 [main] org.apache.catalina.startup.HostConfig.deployDirectory 웹 애플리케이션 디렉토리 [C:\Users\kimd0\Desktop\web\apache-tomcat-9.0.44\webapps\manager]에 대한 배치가 [18] 밀리초에 완료되었습니다.
23-Mar-2021 00:14:12.840 정보 [main] org.apache.catalina.startup.HostConfig.deployDirectory 웹 애플리케이션 디렉토리 [C:\Users\kimd0\Desktop\web\apache-tomcat-9.0.44\webapps\ROOT]을(를) 배치합니다.
23-Mar-2021 00:14:12.855 정보 [main] org.apache.catalina.startup.HostConfig.deployDirectory 웹 애플리케이션 디렉토리 [C:\Users\kimd0\Desktop\web\apache-tomcat-9.0.44\webapps\ROOT]에 대한 배치가 [15] 밀리초에 완료되었습니다.
23-Mar-2021 00:14:12.859 정보 [main] org.apache.coyote.AbstractProtocol.start 프로토콜 핸들러 ["http-nio-8084"]을(를) 시작합니다.
23-Mar-2021 00:14:12.865 정보 [main] org.apache.catalina.startup.Catalina.start 서버가 [502] 밀리초 내에 시작되었습니다.
23-Mar-2021 00:14:18.711 정보 [main] org.apache.catalina.core.StandardServer.await 셧다운 포트를 통해 유효한 셧다운 명령을 받았습니다. 서버 인스턴스를 중지시킵니다.
23-Mar-2021 00:14:18.713 정보 [main] org.apache.coyote.AbstractProtocol.pause 프로토콜 핸들러 ["http-nio-8084"]을(를) 일시 정지 중
23-Mar-2021 00:14:18.856 정보 [main] org.apache.catalina.core.StandardService.stopInternal 서비스 [Catalina]을(를) 중지시킵니다.
23-Mar-2021 00:14:18.867 정보 [main] org.apache.coyote.AbstractProtocol.stop 프로토콜 핸들러 ["http-nio-8084"]을(를) 중지시킵니다.
23-Mar-2021 00:14:18.903 정보 [main] org.apache.coyote.AbstractProtocol.destroy 프로토콜 핸들러 ["http-nio-8084"]을(를) 소멸시킵니다.
23-Mar-2021 00:15:14.324 정보 [main] org.apache.catalina.startup.VersionLoggerListener.log 서버 버전 이름:    Apache Tomcat/9.0.44
23-Mar-2021 00:15:14.327 정보 [main] org.apache.catalina.startup.VersionLoggerListener.log Server 빌드 시각:  Mar 4 2021 21:49:34 UTC
23-Mar-2021 00:15:14.327 정보 [main] org.apache.catalina.startup.VersionLoggerListener.log Server 버전 번호:  9.0.44.0
23-Mar-2021 00:15:14.328 정보 [main] org.apache.catalina.startup.VersionLoggerListener.log 운영체제 이름:     Windows 10
23-Mar-2021 00:15:14.328 정보 [main] org.apache.catalina.startup.VersionLoggerListener.log 운영체제 버전:     10.0
23-Mar-2021 00:15:14.328 정보 [main] org.apache.catalina.startup.VersionLoggerListener.log 아키텍처:          amd64
23-Mar-2021 00:15:14.328 정보 [main] org.apache.catalina.startup.VersionLoggerListener.log 자바 홈:           C:\Program Files\Java\jdk1.8.0_231\jre
23-Mar-2021 00:15:14.328 정보 [main] org.apache.catalina.startup.VersionLoggerListener.log JVM 버전:          1.8.0_231-b11
23-Mar-2021 00:15:14.328 정보 [main] org.apache.catalina.startup.VersionLoggerListener.log JVM 벤더:          Oracle Corporation
23-Mar-2021 00:15:14.328 정보 [main] org.apache.catalina.startup.VersionLoggerListener.log CATALINA_BASE:     C:\Users\kimd0\Desktop\web\apache-tomcat-9.0.44
23-Mar-2021 00:15:14.328 정보 [main] org.apache.catalina.startup.VersionLoggerListener.log CATALINA_HOME:     C:\Users\kimd0\Desktop\web\apache-tomcat-9.0.44
23-Mar-2021 00:15:14.330 정보 [main] org.apache.catalina.startup.VersionLoggerListener.log 명령 행 아규먼트:  -Djava.util.logging.config.file=C:\Users\kimd0\Desktop\web\apache-tomcat-9.0.44\conf\logging.properties
23-Mar-2021 00:15:14.330 정보 [main] org.apache.catalina.startup.VersionLoggerListener.log 명령 행 아규먼트:  -Djava.util.logging.manager=org.apache.juli.ClassLoaderLogManager
23-Mar-2021 00:15:14.331 정보 [main] org.apache.catalina.startup.VersionLoggerListener.log 명령 행 아규먼트:  -Djdk.tls.ephemeralDHKeySize=2048
23-Mar-2021 00:15:14.332 정보 [main] org.apache.catalina.startup.VersionLoggerListener.log 명령 행 아규먼트:  -Djava.protocol.handler.pkgs=org.apache.catalina.webresources
23-Mar-2021 00:15:14.334 정보 [main] org.apache.catalina.startup.VersionLoggerListener.log 명령 행 아규먼트:  -Dignore.endorsed.dirs=
23-Mar-2021 00:15:14.334 정보 [main] org.apache.catalina.startup.VersionLoggerListener.log 명령 행 아규먼트:  -Dcatalina.base=C:\Users\kimd0\Desktop\web\apache-tomcat-9.0.44
23-Mar-2021 00:15:14.335 정보 [main] org.apache.catalina.startup.VersionLoggerListener.log 명령 행 아규먼트:  -Dcatalina.home=C:\Users\kimd0\Desktop\web\apache-tomcat-9.0.44
23-Mar-2021 00:15:14.336 정보 [main] org.apache.catalina.startup.VersionLoggerListener.log 명령 행 아규먼트:  -Djava.io.tmpdir=C:\Users\kimd0\Desktop\web\apache-tomcat-9.0.44\temp
23-Mar-2021 00:15:14.338 정보 [main] org.apache.catalina.core.AprLifecycleListener.lifecycleEvent APR 버전 [1.7.0]을(를) 사용한, APR 기반 Apache Tomcat Native 라이브러리 [1.2.26]을(를) 로드했습니다.
23-Mar-2021 00:15:14.339 정보 [main] org.apache.catalina.core.AprLifecycleListener.lifecycleEvent APR 용량정보들: IPv6 [true], sendfile [true], accept filters [false], random [true].
23-Mar-2021 00:15:14.340 정보 [main] org.apache.catalina.core.AprLifecycleListener.lifecycleEvent APR/OpenSSL 설정: useAprConnector [false], useOpenSSL [true]
23-Mar-2021 00:15:14.345 정보 [main] org.apache.catalina.core.AprLifecycleListener.initializeSSL OpenSSL이 성공적으로 초기화되었습니다: [OpenSSL 1.1.1i  8 Dec 2020]
23-Mar-2021 00:15:14.543 정보 [main] org.apache.coyote.AbstractProtocol.init 프로토콜 핸들러 ["http-nio-8084"]을(를) 초기화합니다.
23-Mar-2021 00:15:14.719 정보 [main] org.apache.catalina.startup.Catalina.load [519] 밀리초 내에 서버가 초기화되었습니다.
23-Mar-2021 00:15:14.736 정보 [main] org.apache.catalina.core.StandardService.startInternal 서비스 [Catalina]을(를) 시작합니다.
23-Mar-2021 00:15:14.738 정보 [main] org.apache.catalina.core.StandardEngine.startInternal 서버 엔진을 시작합니다: [Apache Tomcat/9.0.44]
23-Mar-2021 00:15:14.744 정보 [main] org.apache.catalina.startup.HostConfig.deployDirectory 웹 애플리케이션 디렉토리 [C:\Users\kimd0\Desktop\web\apache-tomcat-9.0.44\webapps\docs]을(를) 배치합니다.
23-Mar-2021 00:15:14.902 정보 [main] org.apache.catalina.startup.HostConfig.deployDirectory 웹 애플리케이션 디렉토리 [C:\Users\kimd0\Desktop\web\apache-tomcat-9.0.44\webapps\docs]에 대한 배치가 [157] 밀리초에 완료되었습니다.
23-Mar-2021 00:15:14.904 정보 [main] org.apache.catalina.startup.HostConfig.deployDirectory 웹 애플리케이션 디렉토리 [C:\Users\kimd0\Desktop\web\apache-tomcat-9.0.44\webapps\examples]을(를) 배치합니다.
23-Mar-2021 00:15:15.144 정보 [main] org.apache.catalina.startup.HostConfig.deployDirectory 웹 애플리케이션 디렉토리 [C:\Users\kimd0\Desktop\web\apache-tomcat-9.0.44\webapps\examples]에 대한 배치가 [240] 밀리초에 완료되었습니다.
23-Mar-2021 00:15:15.146 정보 [main] org.apache.catalina.startup.HostConfig.deployDirectory 웹 애플리케이션 디렉토리 [C:\Users\kimd0\Desktop\web\apache-tomcat-9.0.44\webapps\host-manager]을(를) 배치합니다.
23-Mar-2021 00:15:15.167 정보 [main] org.apache.catalina.startup.HostConfig.deployDirectory 웹 애플리케이션 디렉토리 [C:\Users\kimd0\Desktop\web\apache-tomcat-9.0.44\webapps\host-manager]에 대한 배치가 [21] 밀리초에 완료되었습니다.
23-Mar-2021 00:15:15.168 정보 [main] org.apache.catalina.startup.HostConfig.deployDirectory 웹 애플리케이션 디렉토리 [C:\Users\kimd0\Desktop\web\apache-tomcat-9.0.44\webapps\manager]을(를) 배치합니다.
23-Mar-2021 00:15:15.186 정보 [main] org.apache.catalina.startup.HostConfig.deployDirectory 웹 애플리케이션 디렉토리 [C:\Users\kimd0\Desktop\web\apache-tomcat-9.0.44\webapps\manager]에 대한 배치가 [18] 밀리초에 완료되었습니다.
23-Mar-2021 00:15:15.187 정보 [main] org.apache.catalina.startup.HostConfig.deployDirectory 웹 애플리케이션 디렉토리 [C:\Users\kimd0\Desktop\web\apache-tomcat-9.0.44\webapps\ROOT]을(를) 배치합니다.
23-Mar-2021 00:15:15.203 정보 [main] org.apache.catalina.startup.HostConfig.deployDirectory 웹 애플리케이션 디렉토리 [C:\Users\kimd0\Desktop\web\apache-tomcat-9.0.44\webapps\ROOT]에 대한 배치가 [16] 밀리초에 완료되었습니다.
23-Mar-2021 00:15:15.207 정보 [main] org.apache.coyote.AbstractProtocol.start 프로토콜 핸들러 ["http-nio-8084"]을(를) 시작합니다.
23-Mar-2021 00:15:15.214 정보 [main] org.apache.catalina.startup.Catalina.start 서버가 [493] 밀리초 내에 시작되었습니다.
23-Mar-2021 00:15:22.078 정보 [main] org.apache.catalina.core.StandardServer.await 셧다운 포트를 통해 유효한 셧다운 명령을 받았습니다. 서버 인스턴스를 중지시킵니다.
23-Mar-2021 00:15:22.080 정보 [main] org.apache.coyote.AbstractProtocol.pause 프로토콜 핸들러 ["http-nio-8084"]을(를) 일시 정지 중
23-Mar-2021 00:15:22.219 정보 [main] org.apache.catalina.core.StandardService.stopInternal 서비스 [Catalina]을(를) 중지시킵니다.
23-Mar-2021 00:15:22.230 정보 [main] org.apache.coyote.AbstractProtocol.stop 프로토콜 핸들러 ["http-nio-8084"]을(를) 중지시킵니다.
23-Mar-2021 00:15:22.274 정보 [main] org.apache.coyote.AbstractProtocol.destroy 프로토콜 핸들러 ["http-nio-8084"]을(를) 소멸시킵니다.
